2019/09/30 00:11:56.426 INFO  - [main] RedisTest - Starting RedisTest on HungPham with PID 17510 (started by hungpham in /home/hungpham/SpringProjects/ecommerce)
2019/09/30 00:11:56.480 INFO  - [main] RedisTest - No active profile set, falling back to default profiles: default
2019/09/30 00:11:57.253 INFO  - [main] RepositoryConfigurationDelegate - Multiple Spring Data modules found, entering strict repository configuration mode!
2019/09/30 00:11:57.258 INFO  - [main] RepositoryConfigurationDelegate - Bootstrapping Spring Data repositories in DEFAULT mode.
2019/09/30 00:11:57.474 INFO  - [main] RepositoryConfigurationDelegate - Finished Spring Data repository scanning in 207ms. Found 2 repository interfaces.
2019/09/30 00:11:57.487 INFO  - [main] RepositoryConfigurationDelegate - Multiple Spring Data modules found, entering strict repository configuration mode!
2019/09/30 00:11:57.489 INFO  - [main] RepositoryConfigurationDelegate - Bootstrapping Spring Data repositories in DEFAULT mode.
2019/09/30 00:11:57.502 INFO  - [main] RepositoryConfigurationExtensionSupport - Spring Data Redis - Could not safely identify store assignment for repository candidate interface com.hungpham.ecommerce.repository.ItemRepository.
2019/09/30 00:11:57.503 INFO  - [main] RepositoryConfigurationExtensionSupport - Spring Data Redis - Could not safely identify store assignment for repository candidate interface com.hungpham.ecommerce.repository.ProductRepository.
2019/09/30 00:11:57.504 INFO  - [main] RepositoryConfigurationDelegate - Finished Spring Data repository scanning in 8ms. Found 0 repository interfaces.
2019/09/30 00:11:58.040 INFO  - [main] PostProcessorRegistrationDelegate$BeanPostProcessorChecker - Bean 'org.springframework.transaction.annotation.ProxyTransactionManagementConfiguration' of type [org.springframework.transaction.annotation.ProxyTransactionManagementConfiguration$$EnhancerBySpringCGLIB$$9c4d0515] is not eligible for getting processed by all BeanPostProcessors (for example: not eligible for auto-proxying)
2019/09/30 00:11:58.329 INFO  - [main] LogHelper - HHH000204: Processing PersistenceUnitInfo [
	name: default
	...]
2019/09/30 00:11:58.383 INFO  - [main] Version - HHH000412: Hibernate Core {5.3.10.Final}
2019/09/30 00:11:58.385 INFO  - [main] Environment - HHH000206: hibernate.properties not found
2019/09/30 00:11:58.505 INFO  - [main] Version - HCANN000001: Hibernate Commons Annotations {5.0.4.Final}
2019/09/30 00:11:58.656 INFO  - [main] HikariDataSource - HikariPool-1 - Starting...
2019/09/30 00:11:58.804 INFO  - [main] HikariDataSource - HikariPool-1 - Start completed.
2019/09/30 00:11:58.815 INFO  - [main] Dialect - HHH000400: Using dialect: org.hibernate.dialect.MySQL5Dialect
2019/09/30 00:11:59.316 DEBUG - [main] SQL - alter table `Item` add constraint `FKhwhb7oce0takovhkxl8ddgen9` foreign key (`product_id`) references `Product` (`id`)
2019/09/30 00:11:59.337 INFO  - [main] LocalContainerEntityManagerFactoryBean - Initialized JPA EntityManagerFactory for persistence unit 'default'
2019/09/30 00:12:00.446 INFO  - [main] ThreadPoolTaskExecutor - Initializing ExecutorService 'applicationTaskExecutor'
2019/09/30 00:12:00.498 WARN  - [main] JpaBaseConfiguration$JpaWebConfiguration$JpaWebMvcConfiguration - spring.jpa.open-in-view is enabled by default. Therefore, database queries may be performed during view rendering. Explicitly configure spring.jpa.open-in-view to disable this warning
2019/09/30 00:12:01.292 INFO  - [main] EndpointLinksResolver - Exposing 15 endpoint(s) beneath base path '/actuator'
2019/09/30 00:12:01.357 INFO  - [main] RedisTest - Started RedisTest in 5.438 seconds (JVM running for 6.445)
2019/09/30 00:12:01.537 INFO  - [main] EpollProvider - Starting without optional epoll library
2019/09/30 00:12:01.539 INFO  - [main] KqueueProvider - Starting without optional kqueue library
2019/09/30 00:12:01.718 INFO  - [Thread-2] ThreadPoolTaskExecutor - Shutting down ExecutorService 'applicationTaskExecutor'
2019/09/30 00:12:02.837 INFO  - [Thread-2] LocalContainerEntityManagerFactoryBean - Closing JPA EntityManagerFactory for persistence unit 'default'
2019/09/30 00:12:02.842 INFO  - [Thread-2] HikariDataSource - HikariPool-1 - Shutdown initiated...
2019/09/30 00:12:02.859 INFO  - [Thread-2] HikariDataSource - HikariPool-1 - Shutdown completed.
